<?xml version="1.0" encoding="UTF-8"?>
<testsuite xmlns:xsi="http://www.w3.org/2001/XMLSchema-instance" xsi:noNamespaceSchemaLocation="https://maven.apache.org/surefire/maven-surefire-plugin/xsd/surefire-test-report.xsd" version="3.0.2" name="com.example.tictactoe.TictactoeApplicationTests" time="1.986" tests="1" errors="0" skipped="0" failures="0">
  <properties>
[...]
</properties>
  <testcase name="contextLoads" classname="com.example.tictactoe.TictactoeApplicationTests" time="0.561">
    <system-out><![CDATA[16:43:59.712 [main] INFO org.springframework.test.context.support.AnnotationConfigContextLoaderUtils -- Could not detect default configuration classes for test class [com.example.tictactoe.TictactoeApplicationTests]: TictactoeApplicationTests does not declare any static, non-private, non-final, nested classes annotated with @Configuration.
16:43:59.799 [main] INFO org.springframework.boot.test.context.SpringBootTestContextBootstrapper -- Found @SpringBootConfiguration com.example.tictactoe.TictactoeApplication for test class com.example.tictactoe.TictactoeApplicationTests

  .   ____          _            __ _ _
 /\\ / ___'_ __ _ _(_)_ __  __ _ \ \ \ \
( ( )\___ | '_ | '_| | '_ \/ _` | \ \ \ \
 \\/  ___)| |_)| | | | | || (_| |  ) ) ) )
  '  |____| .__|_| |_|_| |_\__, | / / / /
 =========|_|==============|___/=/_/_/_/

 :: Spring Boot ::                (v3.5.5)

2025-10-01T16:44:00.144-04:00  INFO 24328 --- [tictactoe] [           main] c.e.tictactoe.TictactoeApplicationTests  : Starting TictactoeApplicationTests using Java 21.0.8 with PID 24328 (started by uafna in C:\Users\uafna\tictactoe)
2025-10-01T16:44:00.145-04:00  INFO 24328 --- [tictactoe] [           main] c.e.tictactoe.TictactoeApplicationTests  : No active profile set, falling back to 1 default profile: "default"
2025-10-01T16:44:00.767-04:00  INFO 24328 --- [tictactoe] [           main] o.s.b.a.w.s.WelcomePageHandlerMapping    : Adding welcome page: class path resource [static/index.html]
2025-10-01T16:44:01.009-04:00  INFO 24328 --- [tictactoe] [           main] c.e.tictactoe.TictactoeApplicationTests  : Started TictactoeApplicationTests in 1.087 seconds (process running for 1.82)
]]></system-out>
    <system-err><![CDATA[Mockito is currently self-attaching to enable the inline-mock-maker. This will no longer work in future releases of the JDK. Please add Mockito as an agent to your build as described in Mockito's documentation: https://javadoc.io/doc/org.mockito/mockito-core/latest/org.mockito/org/mockito/Mockito.html#0.3
WARNING: A Java agent has been loaded dynamically (C:\Users\uafna\.m2\repository\net\bytebuddy\byte-buddy-agent\1.17.7\byte-buddy-agent-1.17.7.jar)
WARNING: If a serviceability tool is in use, please run with -XX:+EnableDynamicAgentLoading to hide this warning
WARNING: If a serviceability tool is not in use, please run with -Djdk.instrument.traceUsage for more information
WARNING: Dynamic loading of agents will be disallowed by default in a future release
]]></system-err>
  </testcase>
</testsuite>